[2019-07-09 10:00:47 -0400] [964] [INFO] Starting gunicorn 19.9.0
[2019-07-09 10:00:47 -0400] [964] [INFO] Listening at: unix:/opt/san/storage/storage.sock (964)
[2019-07-09 10:00:47 -0400] [964] [INFO] Using worker: sync
[2019-07-09 10:00:47 -0400] [976] [INFO] Booting worker with pid: 976
[2019-07-09 10:00:47 -0400] [977] [INFO] Booting worker with pid: 977
[2019-07-09 14:16:56 +0000] [976] [INFO] Worker exiting (pid: 976)
[2019-07-09 14:16:56 +0000] [977] [INFO] Worker exiting (pid: 977)
[2019-07-09 10:16:56 -0400] [964] [INFO] Handling signal: term
[2019-07-09 10:16:56 -0400] [964] [INFO] Shutting down: Master
[2019-07-09 10:16:56 -0400] [1387] [INFO] Starting gunicorn 19.9.0
[2019-07-09 10:16:56 -0400] [1387] [INFO] Listening at: unix:/opt/san/storage/storage.sock (1387)
[2019-07-09 10:16:56 -0400] [1387] [INFO] Using worker: sync
[2019-07-09 10:16:56 -0400] [1390] [INFO] Booting worker with pid: 1390
[2019-07-09 10:16:56 -0400] [1391] [INFO] Booting worker with pid: 1391
[2019-07-09 14:24:52 +0000] [1391] [INFO] Worker exiting (pid: 1391)
[2019-07-09 14:24:52 +0000] [1390] [INFO] Worker exiting (pid: 1390)
[2019-07-09 10:24:52 -0400] [1387] [INFO] Handling signal: term
[2019-07-09 10:24:53 -0400] [1387] [INFO] Shutting down: Master
[2019-07-09 10:24:53 -0400] [1476] [INFO] Starting gunicorn 19.9.0
[2019-07-09 10:24:53 -0400] [1476] [INFO] Listening at: unix:/opt/san/storage/storage.sock (1476)
[2019-07-09 10:24:53 -0400] [1476] [INFO] Using worker: sync
[2019-07-09 10:24:53 -0400] [1479] [INFO] Booting worker with pid: 1479
[2019-07-09 10:24:53 -0400] [1480] [INFO] Booting worker with pid: 1480
[2019-07-09 14:25:35 +0000] [1480] [INFO] Worker exiting (pid: 1480)
[2019-07-09 14:25:35 +0000] [1479] [INFO] Worker exiting (pid: 1479)
[2019-07-09 10:25:35 -0400] [1476] [INFO] Handling signal: term
[2019-07-09 10:25:35 -0400] [1476] [INFO] Shutting down: Master
[2019-07-09 10:25:35 -0400] [1509] [INFO] Starting gunicorn 19.9.0
[2019-07-09 10:25:35 -0400] [1509] [INFO] Listening at: unix:/opt/san/storage/storage.sock (1509)
[2019-07-09 10:25:35 -0400] [1509] [INFO] Using worker: sync
[2019-07-09 10:25:35 -0400] [1512] [INFO] Booting worker with pid: 1512
[2019-07-09 10:25:35 -0400] [1513] [INFO] Booting worker with pid: 1513
[2019-07-09 10:25:59 -0400] [1509] [INFO] Handling signal: term
[2019-07-09 14:25:59 +0000] [1512] [INFO] Worker exiting (pid: 1512)
[2019-07-09 14:25:59 +0000] [1513] [INFO] Worker exiting (pid: 1513)
[2019-07-09 10:25:59 -0400] [1509] [INFO] Shutting down: Master
[2019-07-09 10:26:00 -0400] [1531] [INFO] Starting gunicorn 19.9.0
[2019-07-09 10:26:00 -0400] [1531] [INFO] Listening at: unix:/opt/san/storage/storage.sock (1531)
[2019-07-09 10:26:00 -0400] [1531] [INFO] Using worker: sync
[2019-07-09 10:26:00 -0400] [1534] [INFO] Booting worker with pid: 1534
[2019-07-09 10:26:00 -0400] [1536] [INFO] Booting worker with pid: 1536
[2019-07-09 14:27:15 +0000] [1534] [INFO] Worker exiting (pid: 1534)
[2019-07-09 14:27:15 +0000] [1536] [INFO] Worker exiting (pid: 1536)
[2019-07-09 10:27:15 -0400] [1531] [INFO] Handling signal: term
[2019-07-09 10:27:15 -0400] [1531] [INFO] Shutting down: Master
[2019-07-09 10:27:16 -0400] [1596] [INFO] Starting gunicorn 19.9.0
[2019-07-09 10:27:16 -0400] [1596] [INFO] Listening at: unix:/opt/san/storage/storage.sock (1596)
[2019-07-09 10:27:16 -0400] [1596] [INFO] Using worker: sync
[2019-07-09 10:27:16 -0400] [1599] [INFO] Booting worker with pid: 1599
[2019-07-09 10:27:16 -0400] [1601] [INFO] Booting worker with pid: 1601
[2019-07-09 14:29:01 +0000] [1601] [INFO] Worker exiting (pid: 1601)
[2019-07-09 10:29:01 -0400] [1596] [INFO] Handling signal: term
[2019-07-09 14:29:01 +0000] [1599] [INFO] Worker exiting (pid: 1599)
[2019-07-09 10:29:01 -0400] [1596] [INFO] Shutting down: Master
[2019-07-09 10:29:01 -0400] [1619] [INFO] Starting gunicorn 19.9.0
[2019-07-09 10:29:01 -0400] [1619] [INFO] Listening at: unix:/opt/san/storage/storage.sock (1619)
[2019-07-09 10:29:01 -0400] [1619] [INFO] Using worker: sync
[2019-07-09 10:29:01 -0400] [1622] [INFO] Booting worker with pid: 1622
[2019-07-09 10:29:01 -0400] [1623] [INFO] Booting worker with pid: 1623
[2019-07-09 14:31:44 +0000] [1622] [INFO] Worker exiting (pid: 1622)
[2019-07-09 14:31:44 +0000] [1623] [INFO] Worker exiting (pid: 1623)
[2019-07-09 10:31:44 -0400] [1619] [INFO] Handling signal: term
[2019-07-09 10:31:44 -0400] [1619] [INFO] Shutting down: Master
[2019-07-09 10:31:45 -0400] [1729] [INFO] Starting gunicorn 19.9.0
[2019-07-09 10:31:45 -0400] [1729] [INFO] Listening at: unix:/opt/san/storage/storage.sock (1729)
[2019-07-09 10:31:45 -0400] [1729] [INFO] Using worker: sync
[2019-07-09 10:31:45 -0400] [1732] [INFO] Booting worker with pid: 1732
[2019-07-09 10:31:45 -0400] [1733] [INFO] Booting worker with pid: 1733
[2019-07-09 14:32:51 +0000] [1732] [INFO] Worker exiting (pid: 1732)
[2019-07-09 14:32:51 +0000] [1733] [INFO] Worker exiting (pid: 1733)
[2019-07-09 10:32:51 -0400] [1729] [INFO] Handling signal: term
[2019-07-09 10:32:51 -0400] [1729] [INFO] Shutting down: Master
[2019-07-09 10:32:52 -0400] [1752] [INFO] Starting gunicorn 19.9.0
[2019-07-09 10:32:52 -0400] [1752] [INFO] Listening at: unix:/opt/san/storage/storage.sock (1752)
[2019-07-09 10:32:52 -0400] [1752] [INFO] Using worker: sync
[2019-07-09 10:32:52 -0400] [1755] [INFO] Booting worker with pid: 1755
[2019-07-09 10:32:52 -0400] [1756] [INFO] Booting worker with pid: 1756
[2019-07-09 14:35:15 +0000] [1756] [INFO] Worker exiting (pid: 1756)
[2019-07-09 14:35:15 +0000] [1755] [INFO] Worker exiting (pid: 1755)
[2019-07-09 10:35:15 -0400] [1752] [INFO] Handling signal: term
[2019-07-09 10:35:15 -0400] [1752] [INFO] Shutting down: Master
[2019-07-09 10:35:15 -0400] [1812] [INFO] Starting gunicorn 19.9.0
[2019-07-09 10:35:15 -0400] [1812] [INFO] Listening at: unix:/opt/san/storage/storage.sock (1812)
[2019-07-09 10:35:15 -0400] [1812] [INFO] Using worker: sync
[2019-07-09 10:35:15 -0400] [1816] [INFO] Booting worker with pid: 1816
[2019-07-09 10:35:15 -0400] [1817] [INFO] Booting worker with pid: 1817
[2019-07-09 14:37:07 +0000] [1816] [INFO] Worker exiting (pid: 1816)
[2019-07-09 14:37:07 +0000] [1817] [INFO] Worker exiting (pid: 1817)
[2019-07-09 10:37:07 -0400] [1812] [INFO] Handling signal: term
[2019-07-09 10:37:07 -0400] [1812] [INFO] Shutting down: Master
[2019-07-09 10:37:08 -0400] [1906] [INFO] Starting gunicorn 19.9.0
[2019-07-09 10:37:08 -0400] [1906] [INFO] Listening at: unix:/opt/san/storage/storage.sock (1906)
[2019-07-09 10:37:08 -0400] [1906] [INFO] Using worker: sync
[2019-07-09 10:37:08 -0400] [1909] [INFO] Booting worker with pid: 1909
[2019-07-09 10:37:08 -0400] [1910] [INFO] Booting worker with pid: 1910
[2019-07-09 14:38:50 +0000] [1909] [INFO] Worker exiting (pid: 1909)
[2019-07-09 14:38:50 +0000] [1910] [INFO] Worker exiting (pid: 1910)
[2019-07-09 10:38:50 -0400] [1906] [INFO] Handling signal: term
[2019-07-09 10:38:50 -0400] [1906] [INFO] Shutting down: Master
[2019-07-09 10:38:50 -0400] [1976] [INFO] Starting gunicorn 19.9.0
[2019-07-09 10:38:50 -0400] [1976] [INFO] Listening at: unix:/opt/san/storage/storage.sock (1976)
[2019-07-09 10:38:50 -0400] [1976] [INFO] Using worker: sync
[2019-07-09 10:38:50 -0400] [1979] [INFO] Booting worker with pid: 1979
[2019-07-09 10:38:51 -0400] [1981] [INFO] Booting worker with pid: 1981
[2019-07-09 14:39:23 +0000] [1979] [INFO] Worker exiting (pid: 1979)
[2019-07-09 14:39:23 +0000] [1981] [INFO] Worker exiting (pid: 1981)
[2019-07-09 10:39:23 -0400] [1976] [INFO] Handling signal: term
[2019-07-09 10:39:23 -0400] [1976] [INFO] Shutting down: Master
[2019-07-09 10:39:23 -0400] [1997] [INFO] Starting gunicorn 19.9.0
[2019-07-09 10:39:23 -0400] [1997] [INFO] Listening at: unix:/opt/san/storage/storage.sock (1997)
[2019-07-09 10:39:23 -0400] [1997] [INFO] Using worker: sync
[2019-07-09 10:39:23 -0400] [2000] [INFO] Booting worker with pid: 2000
[2019-07-09 10:39:23 -0400] [2001] [INFO] Booting worker with pid: 2001
[2019-07-09 14:43:24 +0000] [2000] [INFO] Worker exiting (pid: 2000)
[2019-07-09 14:43:24 +0000] [2001] [INFO] Worker exiting (pid: 2001)
[2019-07-09 10:43:24 -0400] [1997] [INFO] Handling signal: term
[2019-07-09 10:43:24 -0400] [1997] [INFO] Shutting down: Master
[2019-07-09 10:43:24 -0400] [2117] [INFO] Starting gunicorn 19.9.0
[2019-07-09 10:43:24 -0400] [2117] [INFO] Listening at: unix:/opt/san/storage/storage.sock (2117)
[2019-07-09 10:43:24 -0400] [2117] [INFO] Using worker: sync
[2019-07-09 10:43:24 -0400] [2120] [INFO] Booting worker with pid: 2120
[2019-07-09 10:43:24 -0400] [2122] [INFO] Booting worker with pid: 2122
[2019-07-09 14:48:14 +0000] [2120] [INFO] Worker exiting (pid: 2120)
[2019-07-09 14:48:14 +0000] [2122] [INFO] Worker exiting (pid: 2122)
[2019-07-09 10:48:14 -0400] [2117] [INFO] Handling signal: term
[2019-07-09 10:48:14 -0400] [2117] [INFO] Shutting down: Master
[2019-07-09 10:48:14 -0400] [2224] [INFO] Starting gunicorn 19.9.0
[2019-07-09 10:48:14 -0400] [2224] [INFO] Listening at: unix:/opt/san/storage/storage.sock (2224)
[2019-07-09 10:48:14 -0400] [2224] [INFO] Using worker: sync
[2019-07-09 10:48:14 -0400] [2227] [INFO] Booting worker with pid: 2227
[2019-07-09 10:48:14 -0400] [2228] [INFO] Booting worker with pid: 2228
[2019-07-09 14:49:15 +0000] [2227] [INFO] Worker exiting (pid: 2227)
[2019-07-09 14:49:15 +0000] [2228] [INFO] Worker exiting (pid: 2228)
[2019-07-09 10:49:15 -0400] [2224] [INFO] Handling signal: term
[2019-07-09 10:49:15 -0400] [2224] [INFO] Shutting down: Master
[2019-07-09 10:49:16 -0400] [2259] [INFO] Starting gunicorn 19.9.0
[2019-07-09 10:49:16 -0400] [2259] [INFO] Listening at: unix:/opt/san/storage/storage.sock (2259)
[2019-07-09 10:49:16 -0400] [2259] [INFO] Using worker: sync
[2019-07-09 10:49:16 -0400] [2262] [INFO] Booting worker with pid: 2262
[2019-07-09 10:49:16 -0400] [2264] [INFO] Booting worker with pid: 2264
[2019-07-09 14:49:57 +0000] [2262] [INFO] Worker exiting (pid: 2262)
[2019-07-09 14:49:57 +0000] [2264] [INFO] Worker exiting (pid: 2264)
[2019-07-09 10:49:57 -0400] [2259] [INFO] Handling signal: term
[2019-07-09 10:49:57 -0400] [2259] [INFO] Shutting down: Master
[2019-07-09 10:49:58 -0400] [2281] [INFO] Starting gunicorn 19.9.0
[2019-07-09 10:49:58 -0400] [2281] [INFO] Listening at: unix:/opt/san/storage/storage.sock (2281)
[2019-07-09 10:49:58 -0400] [2281] [INFO] Using worker: sync
[2019-07-09 10:49:58 -0400] [2284] [INFO] Booting worker with pid: 2284
[2019-07-09 10:49:58 -0400] [2286] [INFO] Booting worker with pid: 2286
[2019-07-09 14:54:56 +0000] [2284] [INFO] Worker exiting (pid: 2284)
[2019-07-09 14:54:56 +0000] [2286] [INFO] Worker exiting (pid: 2286)
[2019-07-09 10:54:56 -0400] [2281] [INFO] Handling signal: term
[2019-07-09 10:54:56 -0400] [2281] [INFO] Shutting down: Master
[2019-07-09 10:54:57 -0400] [2381] [INFO] Starting gunicorn 19.9.0
[2019-07-09 10:54:57 -0400] [2381] [INFO] Listening at: unix:/opt/san/storage/storage.sock (2381)
[2019-07-09 10:54:57 -0400] [2381] [INFO] Using worker: sync
[2019-07-09 10:54:57 -0400] [2384] [INFO] Booting worker with pid: 2384
[2019-07-09 10:54:57 -0400] [2387] [INFO] Booting worker with pid: 2387
[2019-07-09 15:48:02 +0000] [2384] [INFO] Worker exiting (pid: 2384)
[2019-07-09 15:48:02 +0000] [2387] [INFO] Worker exiting (pid: 2387)
[2019-07-09 11:48:02 -0400] [2381] [INFO] Handling signal: term
[2019-07-09 11:48:02 -0400] [2381] [INFO] Shutting down: Master
[2019-07-09 11:48:02 -0400] [2628] [INFO] Starting gunicorn 19.9.0
[2019-07-09 11:48:02 -0400] [2628] [INFO] Listening at: unix:/opt/san/storage/storage.sock (2628)
[2019-07-09 11:48:02 -0400] [2628] [INFO] Using worker: sync
[2019-07-09 11:48:02 -0400] [2631] [INFO] Booting worker with pid: 2631
[2019-07-09 11:48:02 -0400] [2633] [INFO] Booting worker with pid: 2633
[2019-07-09 15:48:57 +0000] [2631] [INFO] Worker exiting (pid: 2631)
[2019-07-09 15:48:57 +0000] [2633] [INFO] Worker exiting (pid: 2633)
[2019-07-09 11:48:57 -0400] [2628] [INFO] Handling signal: term
[2019-07-09 11:48:57 -0400] [2628] [INFO] Shutting down: Master
[2019-07-09 11:48:57 -0400] [2674] [INFO] Starting gunicorn 19.9.0
[2019-07-09 11:48:57 -0400] [2674] [INFO] Listening at: unix:/opt/san/storage/storage.sock (2674)
[2019-07-09 11:48:57 -0400] [2674] [INFO] Using worker: sync
[2019-07-09 11:48:57 -0400] [2677] [INFO] Booting worker with pid: 2677
[2019-07-09 11:48:57 -0400] [2678] [INFO] Booting worker with pid: 2678
[2019-07-09 15:51:17 +0000] [2677] [INFO] Worker exiting (pid: 2677)
[2019-07-09 15:51:17 +0000] [2678] [INFO] Worker exiting (pid: 2678)
[2019-07-09 11:51:17 -0400] [2674] [INFO] Handling signal: term
[2019-07-09 11:51:18 -0400] [2674] [INFO] Shutting down: Master
[2019-07-09 11:51:18 -0400] [2724] [INFO] Starting gunicorn 19.9.0
[2019-07-09 11:51:18 -0400] [2724] [INFO] Listening at: unix:/opt/san/storage/storage.sock (2724)
[2019-07-09 11:51:18 -0400] [2724] [INFO] Using worker: sync
[2019-07-09 11:51:18 -0400] [2727] [INFO] Booting worker with pid: 2727
[2019-07-09 11:51:18 -0400] [2728] [INFO] Booting worker with pid: 2728
[2019-07-09 12:46:07 -0400] [2724] [INFO] Handling signal: term
[2019-07-09 16:46:07 +0000] [2728] [INFO] Worker exiting (pid: 2728)
[2019-07-09 16:46:07 +0000] [2727] [INFO] Worker exiting (pid: 2727)
[2019-07-09 12:46:07 -0400] [2724] [INFO] Shutting down: Master
[2019-07-09 12:46:07 -0400] [3323] [INFO] Starting gunicorn 19.9.0
[2019-07-09 12:46:07 -0400] [3323] [INFO] Listening at: unix:/opt/san/storage/storage.sock (3323)
[2019-07-09 12:46:07 -0400] [3323] [INFO] Using worker: sync
[2019-07-09 12:46:07 -0400] [3326] [INFO] Booting worker with pid: 3326
[2019-07-09 12:46:07 -0400] [3327] [INFO] Booting worker with pid: 3327
[2019-07-09 12:46:20 -0400] [3323] [INFO] Handling signal: term
[2019-07-09 16:46:20 +0000] [3327] [INFO] Worker exiting (pid: 3327)
[2019-07-09 16:46:20 +0000] [3326] [INFO] Worker exiting (pid: 3326)
[2019-07-09 12:46:20 -0400] [3323] [INFO] Shutting down: Master
[2019-07-09 12:46:21 -0400] [3333] [INFO] Starting gunicorn 19.9.0
[2019-07-09 12:46:21 -0400] [3333] [INFO] Listening at: unix:/opt/san/storage/storage.sock (3333)
[2019-07-09 12:46:21 -0400] [3333] [INFO] Using worker: sync
[2019-07-09 12:46:21 -0400] [3336] [INFO] Booting worker with pid: 3336
[2019-07-09 12:46:21 -0400] [3337] [INFO] Booting worker with pid: 3337
[2019-07-09 12:46:43 -0400] [3333] [INFO] Handling signal: term
[2019-07-09 16:46:43 +0000] [3337] [INFO] Worker exiting (pid: 3337)
[2019-07-09 16:46:43 +0000] [3336] [INFO] Worker exiting (pid: 3336)
[2019-07-09 12:46:43 -0400] [3333] [INFO] Shutting down: Master
[2019-07-09 12:46:43 -0400] [3344] [INFO] Starting gunicorn 19.9.0
[2019-07-09 12:46:43 -0400] [3344] [INFO] Listening at: unix:/opt/san/storage/storage.sock (3344)
[2019-07-09 12:46:43 -0400] [3344] [INFO] Using worker: sync
[2019-07-09 12:46:43 -0400] [3347] [INFO] Booting worker with pid: 3347
[2019-07-09 12:46:43 -0400] [3348] [INFO] Booting worker with pid: 3348
[2019-07-09 12:48:04 -0400] [3344] [INFO] Handling signal: term
[2019-07-09 16:48:04 +0000] [3347] [INFO] Worker exiting (pid: 3347)
[2019-07-09 16:48:04 +0000] [3348] [INFO] Worker exiting (pid: 3348)
[2019-07-09 12:48:04 -0400] [3344] [INFO] Shutting down: Master
[2019-07-09 12:48:04 -0400] [3357] [INFO] Starting gunicorn 19.9.0
[2019-07-09 12:48:04 -0400] [3357] [INFO] Listening at: unix:/opt/san/storage/storage.sock (3357)
[2019-07-09 12:48:04 -0400] [3357] [INFO] Using worker: sync
[2019-07-09 12:48:04 -0400] [3360] [INFO] Booting worker with pid: 3360
[2019-07-09 12:48:04 -0400] [3362] [INFO] Booting worker with pid: 3362
[2019-07-09 12:51:50 -0400] [3357] [INFO] Handling signal: term
[2019-07-09 16:51:50 +0000] [3360] [INFO] Worker exiting (pid: 3360)
[2019-07-09 16:51:50 +0000] [3362] [INFO] Worker exiting (pid: 3362)
[2019-07-09 12:51:50 -0400] [3357] [INFO] Shutting down: Master
[2019-07-09 12:51:51 -0400] [3454] [INFO] Starting gunicorn 19.9.0
[2019-07-09 12:51:51 -0400] [3454] [INFO] Listening at: unix:/opt/san/storage/storage.sock (3454)
[2019-07-09 12:51:51 -0400] [3454] [INFO] Using worker: sync
[2019-07-09 12:51:51 -0400] [3457] [INFO] Booting worker with pid: 3457
[2019-07-09 12:51:51 -0400] [3458] [INFO] Booting worker with pid: 3458
[2019-07-09 12:52:49 -0400] [3454] [INFO] Handling signal: term
[2019-07-09 16:52:49 +0000] [3457] [INFO] Worker exiting (pid: 3457)
[2019-07-09 16:52:49 +0000] [3458] [INFO] Worker exiting (pid: 3458)
[2019-07-09 12:52:50 -0400] [3454] [INFO] Shutting down: Master
[2019-07-09 12:52:50 -0400] [3470] [INFO] Starting gunicorn 19.9.0
[2019-07-09 12:52:50 -0400] [3470] [INFO] Listening at: unix:/opt/san/storage/storage.sock (3470)
[2019-07-09 12:52:50 -0400] [3470] [INFO] Using worker: sync
[2019-07-09 12:52:50 -0400] [3473] [INFO] Booting worker with pid: 3473
[2019-07-09 12:52:50 -0400] [3475] [INFO] Booting worker with pid: 3475
[2019-07-09 12:52:53 -0400] [3470] [INFO] Handling signal: term
[2019-07-09 16:52:53 +0000] [3473] [INFO] Worker exiting (pid: 3473)
[2019-07-09 16:52:53 +0000] [3475] [INFO] Worker exiting (pid: 3475)
[2019-07-09 12:52:53 -0400] [3470] [INFO] Shutting down: Master
[2019-07-09 12:52:53 -0400] [3480] [INFO] Starting gunicorn 19.9.0
[2019-07-09 12:52:53 -0400] [3480] [INFO] Listening at: unix:/opt/san/storage/storage.sock (3480)
[2019-07-09 12:52:53 -0400] [3480] [INFO] Using worker: sync
[2019-07-09 12:52:53 -0400] [3483] [INFO] Booting worker with pid: 3483
[2019-07-09 12:52:53 -0400] [3484] [INFO] Booting worker with pid: 3484
[2019-07-09 12:54:45 -0400] [3480] [INFO] Handling signal: term
[2019-07-09 16:54:45 +0000] [3483] [INFO] Worker exiting (pid: 3483)
[2019-07-09 16:54:45 +0000] [3484] [INFO] Worker exiting (pid: 3484)
[2019-07-09 12:54:45 -0400] [3480] [INFO] Shutting down: Master
[2019-07-09 12:54:46 -0400] [3504] [INFO] Starting gunicorn 19.9.0
[2019-07-09 12:54:46 -0400] [3504] [INFO] Listening at: unix:/opt/san/storage/storage.sock (3504)
[2019-07-09 12:54:46 -0400] [3504] [INFO] Using worker: sync
[2019-07-09 12:54:46 -0400] [3507] [INFO] Booting worker with pid: 3507
[2019-07-09 12:54:46 -0400] [3508] [INFO] Booting worker with pid: 3508
[2019-07-09 13:00:53 -0400] [3504] [INFO] Handling signal: term
[2019-07-09 17:00:53 +0000] [3507] [INFO] Worker exiting (pid: 3507)
[2019-07-09 17:00:53 +0000] [3508] [INFO] Worker exiting (pid: 3508)
[2019-07-09 13:00:54 -0400] [3504] [INFO] Shutting down: Master
[2019-07-09 13:00:54 -0400] [3566] [INFO] Starting gunicorn 19.9.0
[2019-07-09 13:00:54 -0400] [3566] [INFO] Listening at: unix:/opt/san/storage/storage.sock (3566)
[2019-07-09 13:00:54 -0400] [3566] [INFO] Using worker: sync
[2019-07-09 13:00:54 -0400] [3569] [INFO] Booting worker with pid: 3569
[2019-07-09 13:00:54 -0400] [3571] [INFO] Booting worker with pid: 3571
[2019-07-09 13:01:24 -0400] [3566] [INFO] Handling signal: term
[2019-07-09 17:01:24 +0000] [3569] [INFO] Worker exiting (pid: 3569)
[2019-07-09 17:01:24 +0000] [3571] [INFO] Worker exiting (pid: 3571)
[2019-07-09 13:01:24 -0400] [3566] [INFO] Shutting down: Master
[2019-07-09 13:01:25 -0400] [3583] [INFO] Starting gunicorn 19.9.0
[2019-07-09 13:01:25 -0400] [3583] [INFO] Listening at: unix:/opt/san/storage/storage.sock (3583)
[2019-07-09 13:01:25 -0400] [3583] [INFO] Using worker: sync
[2019-07-09 13:01:25 -0400] [3586] [INFO] Booting worker with pid: 3586
[2019-07-09 13:01:25 -0400] [3587] [INFO] Booting worker with pid: 3587
[2019-07-09 13:01:43 -0400] [3583] [INFO] Handling signal: term
[2019-07-09 17:01:43 +0000] [3586] [INFO] Worker exiting (pid: 3586)
[2019-07-09 17:01:43 +0000] [3587] [INFO] Worker exiting (pid: 3587)
[2019-07-09 13:01:43 -0400] [3583] [INFO] Shutting down: Master
[2019-07-09 13:01:44 -0400] [3596] [INFO] Starting gunicorn 19.9.0
[2019-07-09 13:01:44 -0400] [3596] [INFO] Listening at: unix:/opt/san/storage/storage.sock (3596)
[2019-07-09 13:01:44 -0400] [3596] [INFO] Using worker: sync
[2019-07-09 13:01:44 -0400] [3599] [INFO] Booting worker with pid: 3599
[2019-07-09 13:01:44 -0400] [3600] [INFO] Booting worker with pid: 3600
[2019-07-09 13:01:59 -0400] [3596] [INFO] Handling signal: term
[2019-07-09 17:01:59 +0000] [3600] [INFO] Worker exiting (pid: 3600)
[2019-07-09 17:01:59 +0000] [3599] [INFO] Worker exiting (pid: 3599)
[2019-07-09 13:02:00 -0400] [3596] [INFO] Shutting down: Master
[2019-07-09 13:02:00 -0400] [3608] [INFO] Starting gunicorn 19.9.0
[2019-07-09 13:02:00 -0400] [3608] [INFO] Listening at: unix:/opt/san/storage/storage.sock (3608)
[2019-07-09 13:02:00 -0400] [3608] [INFO] Using worker: sync
[2019-07-09 13:02:00 -0400] [3611] [INFO] Booting worker with pid: 3611
[2019-07-09 13:02:00 -0400] [3612] [INFO] Booting worker with pid: 3612
[2019-07-09 13:02:31 -0400] [3608] [INFO] Handling signal: term
[2019-07-09 17:02:31 +0000] [3611] [INFO] Worker exiting (pid: 3611)
[2019-07-09 17:02:31 +0000] [3612] [INFO] Worker exiting (pid: 3612)
[2019-07-09 13:02:31 -0400] [3608] [INFO] Shutting down: Master
[2019-07-09 13:02:32 -0400] [3628] [INFO] Starting gunicorn 19.9.0
[2019-07-09 13:02:32 -0400] [3628] [INFO] Listening at: unix:/opt/san/storage/storage.sock (3628)
[2019-07-09 13:02:32 -0400] [3628] [INFO] Using worker: sync
[2019-07-09 13:02:32 -0400] [3632] [INFO] Booting worker with pid: 3632
[2019-07-09 13:02:32 -0400] [3634] [INFO] Booting worker with pid: 3634
[2019-07-09 13:02:49 -0400] [3628] [INFO] Handling signal: term
[2019-07-09 17:02:49 +0000] [3632] [INFO] Worker exiting (pid: 3632)
[2019-07-09 17:02:49 +0000] [3634] [INFO] Worker exiting (pid: 3634)
[2019-07-09 13:02:49 -0400] [3628] [INFO] Shutting down: Master
[2019-07-09 13:02:50 -0400] [3643] [INFO] Starting gunicorn 19.9.0
[2019-07-09 13:02:50 -0400] [3643] [INFO] Listening at: unix:/opt/san/storage/storage.sock (3643)
[2019-07-09 13:02:50 -0400] [3643] [INFO] Using worker: sync
[2019-07-09 13:02:50 -0400] [3646] [INFO] Booting worker with pid: 3646
[2019-07-09 13:02:50 -0400] [3648] [INFO] Booting worker with pid: 3648
[2019-07-09 13:03:58 -0400] [3643] [INFO] Handling signal: term
[2019-07-09 17:03:58 +0000] [3648] [INFO] Worker exiting (pid: 3648)
[2019-07-09 17:03:58 +0000] [3646] [INFO] Worker exiting (pid: 3646)
[2019-07-09 13:03:59 -0400] [3643] [INFO] Shutting down: Master
[2019-07-09 13:03:59 -0400] [3672] [INFO] Starting gunicorn 19.9.0
[2019-07-09 13:03:59 -0400] [3672] [INFO] Listening at: unix:/opt/san/storage/storage.sock (3672)
[2019-07-09 13:03:59 -0400] [3672] [INFO] Using worker: sync
[2019-07-09 13:03:59 -0400] [3675] [INFO] Booting worker with pid: 3675
[2019-07-09 13:03:59 -0400] [3676] [INFO] Booting worker with pid: 3676
[2019-07-09 13:05:19 -0400] [3672] [INFO] Handling signal: term
[2019-07-09 17:05:19 +0000] [3675] [INFO] Worker exiting (pid: 3675)
[2019-07-09 17:05:19 +0000] [3676] [INFO] Worker exiting (pid: 3676)
[2019-07-09 13:05:19 -0400] [3672] [INFO] Shutting down: Master
[2019-07-09 13:05:19 -0400] [3692] [INFO] Starting gunicorn 19.9.0
[2019-07-09 13:05:19 -0400] [3692] [INFO] Listening at: unix:/opt/san/storage/storage.sock (3692)
[2019-07-09 13:05:19 -0400] [3692] [INFO] Using worker: sync
[2019-07-09 13:05:19 -0400] [3695] [INFO] Booting worker with pid: 3695
[2019-07-09 13:05:19 -0400] [3696] [INFO] Booting worker with pid: 3696
[2019-07-09 13:05:28 -0400] [3692] [INFO] Handling signal: term
[2019-07-09 17:05:28 +0000] [3695] [INFO] Worker exiting (pid: 3695)
[2019-07-09 17:05:28 +0000] [3696] [INFO] Worker exiting (pid: 3696)
[2019-07-09 13:05:28 -0400] [3692] [INFO] Shutting down: Master
[2019-07-09 13:05:29 -0400] [3706] [INFO] Starting gunicorn 19.9.0
[2019-07-09 13:05:29 -0400] [3706] [INFO] Listening at: unix:/opt/san/storage/storage.sock (3706)
[2019-07-09 13:05:29 -0400] [3706] [INFO] Using worker: sync
[2019-07-09 13:05:29 -0400] [3709] [INFO] Booting worker with pid: 3709
[2019-07-09 13:05:29 -0400] [3710] [INFO] Booting worker with pid: 3710
[2019-07-09 13:06:01 -0400] [3706] [INFO] Handling signal: term
[2019-07-09 17:06:01 +0000] [3709] [INFO] Worker exiting (pid: 3709)
[2019-07-09 17:06:01 +0000] [3710] [INFO] Worker exiting (pid: 3710)
[2019-07-09 13:06:01 -0400] [3706] [INFO] Shutting down: Master
[2019-07-09 13:06:01 -0400] [3720] [INFO] Starting gunicorn 19.9.0
[2019-07-09 13:06:01 -0400] [3720] [INFO] Listening at: unix:/opt/san/storage/storage.sock (3720)
[2019-07-09 13:06:01 -0400] [3720] [INFO] Using worker: sync
[2019-07-09 13:06:01 -0400] [3723] [INFO] Booting worker with pid: 3723
[2019-07-09 13:06:01 -0400] [3724] [INFO] Booting worker with pid: 3724
[2019-07-09 13:06:21 -0400] [3720] [INFO] Handling signal: term
[2019-07-09 17:06:21 +0000] [3723] [INFO] Worker exiting (pid: 3723)
[2019-07-09 17:06:21 +0000] [3724] [INFO] Worker exiting (pid: 3724)
[2019-07-09 13:06:21 -0400] [3720] [INFO] Shutting down: Master
[2019-07-09 13:06:21 -0400] [3734] [INFO] Starting gunicorn 19.9.0
[2019-07-09 13:06:21 -0400] [3734] [INFO] Listening at: unix:/opt/san/storage/storage.sock (3734)
[2019-07-09 13:06:21 -0400] [3734] [INFO] Using worker: sync
[2019-07-09 13:06:21 -0400] [3737] [INFO] Booting worker with pid: 3737
[2019-07-09 13:06:22 -0400] [3739] [INFO] Booting worker with pid: 3739
[2019-07-09 13:07:08 -0400] [3734] [INFO] Handling signal: term
[2019-07-09 17:07:08 +0000] [3737] [INFO] Worker exiting (pid: 3737)
[2019-07-09 17:07:08 +0000] [3739] [INFO] Worker exiting (pid: 3739)
[2019-07-09 13:07:08 -0400] [3734] [INFO] Shutting down: Master
[2019-07-09 13:07:08 -0400] [3750] [INFO] Starting gunicorn 19.9.0
[2019-07-09 13:07:08 -0400] [3750] [INFO] Listening at: unix:/opt/san/storage/storage.sock (3750)
[2019-07-09 13:07:08 -0400] [3750] [INFO] Using worker: sync
[2019-07-09 13:07:08 -0400] [3753] [INFO] Booting worker with pid: 3753
[2019-07-09 13:07:08 -0400] [3754] [INFO] Booting worker with pid: 3754
[2019-07-10 02:26:35 -0400] [3750] [CRITICAL] WORKER TIMEOUT (pid:3753)
[2019-07-10 06:26:35 +0000] [3753] [INFO] Worker exiting (pid: 3753)
[2019-07-10 02:26:35 -0400] [3750] [CRITICAL] WORKER TIMEOUT (pid:3754)
[2019-07-10 06:26:35 +0000] [3754] [INFO] Worker exiting (pid: 3754)
[2019-07-10 02:26:36 -0400] [4673] [INFO] Booting worker with pid: 4673
[2019-07-10 02:26:36 -0400] [4675] [INFO] Booting worker with pid: 4675
[2019-07-10 02:57:28 -0400] [3750] [INFO] Handling signal: term
[2019-07-10 06:57:28 +0000] [4673] [INFO] Worker exiting (pid: 4673)
[2019-07-10 06:57:28 +0000] [4675] [INFO] Worker exiting (pid: 4675)
[2019-07-10 02:57:28 -0400] [3750] [INFO] Shutting down: Master
[2019-07-10 02:57:29 -0400] [5178] [INFO] Starting gunicorn 19.9.0
[2019-07-10 02:57:29 -0400] [5178] [INFO] Listening at: unix:/opt/san/storage/storage.sock (5178)
[2019-07-10 02:57:29 -0400] [5178] [INFO] Using worker: sync
[2019-07-10 02:57:29 -0400] [5181] [INFO] Booting worker with pid: 5181
[2019-07-10 02:57:29 -0400] [5183] [INFO] Booting worker with pid: 5183
[2019-07-10 02:58:15 -0400] [5178] [INFO] Handling signal: term
[2019-07-10 06:58:15 +0000] [5181] [INFO] Worker exiting (pid: 5181)
[2019-07-10 06:58:15 +0000] [5183] [INFO] Worker exiting (pid: 5183)
[2019-07-10 02:58:15 -0400] [5178] [INFO] Shutting down: Master
[2019-07-10 02:58:15 -0400] [5190] [INFO] Starting gunicorn 19.9.0
[2019-07-10 02:58:16 -0400] [5190] [INFO] Listening at: unix:/opt/san/storage/storage.sock (5190)
[2019-07-10 02:58:16 -0400] [5190] [INFO] Using worker: sync
[2019-07-10 02:58:16 -0400] [5193] [INFO] Booting worker with pid: 5193
[2019-07-10 02:58:16 -0400] [5194] [INFO] Booting worker with pid: 5194
[2019-07-10 02:58:32 -0400] [5190] [INFO] Handling signal: term
[2019-07-10 06:58:32 +0000] [5193] [INFO] Worker exiting (pid: 5193)
[2019-07-10 06:58:32 +0000] [5194] [INFO] Worker exiting (pid: 5194)
[2019-07-10 02:58:32 -0400] [5190] [INFO] Shutting down: Master
[2019-07-10 02:58:33 -0400] [5202] [INFO] Starting gunicorn 19.9.0
[2019-07-10 02:58:33 -0400] [5202] [INFO] Listening at: unix:/opt/san/storage/storage.sock (5202)
[2019-07-10 02:58:33 -0400] [5202] [INFO] Using worker: sync
[2019-07-10 02:58:33 -0400] [5206] [INFO] Booting worker with pid: 5206
[2019-07-10 02:58:33 -0400] [5207] [INFO] Booting worker with pid: 5207
[2019-07-10 02:58:51 -0400] [5202] [INFO] Handling signal: term
[2019-07-10 06:58:51 +0000] [5206] [INFO] Worker exiting (pid: 5206)
[2019-07-10 06:58:51 +0000] [5207] [INFO] Worker exiting (pid: 5207)
[2019-07-10 02:58:51 -0400] [5202] [INFO] Shutting down: Master
[2019-07-10 02:58:52 -0400] [5216] [INFO] Starting gunicorn 19.9.0
[2019-07-10 02:58:52 -0400] [5216] [INFO] Listening at: unix:/opt/san/storage/storage.sock (5216)
[2019-07-10 02:58:52 -0400] [5216] [INFO] Using worker: sync
[2019-07-10 02:58:52 -0400] [5219] [INFO] Booting worker with pid: 5219
[2019-07-10 02:58:52 -0400] [5220] [INFO] Booting worker with pid: 5220
[2019-07-10 02:59:36 -0400] [5216] [INFO] Handling signal: term
[2019-07-10 06:59:36 +0000] [5219] [INFO] Worker exiting (pid: 5219)
[2019-07-10 06:59:36 +0000] [5220] [INFO] Worker exiting (pid: 5220)
[2019-07-10 02:59:36 -0400] [5216] [INFO] Shutting down: Master
[2019-07-10 02:59:36 -0400] [5229] [INFO] Starting gunicorn 19.9.0
[2019-07-10 02:59:36 -0400] [5229] [INFO] Listening at: unix:/opt/san/storage/storage.sock (5229)
[2019-07-10 02:59:36 -0400] [5229] [INFO] Using worker: sync
[2019-07-10 02:59:36 -0400] [5232] [INFO] Booting worker with pid: 5232
[2019-07-10 02:59:36 -0400] [5233] [INFO] Booting worker with pid: 5233
[2019-07-10 14:46:27 -0400] [412] [INFO] Starting gunicorn 19.9.0
[2019-07-10 14:46:27 -0400] [412] [INFO] Listening at: unix:/opt/san/storage/storage.sock (412)
[2019-07-10 14:46:27 -0400] [412] [INFO] Using worker: sync
[2019-07-10 14:46:27 -0400] [466] [INFO] Booting worker with pid: 466
[2019-07-10 14:46:27 -0400] [468] [INFO] Booting worker with pid: 468
[2019-07-10 14:52:33 -0400] [412] [INFO] Handling signal: term
[2019-07-10 18:52:33 +0000] [466] [INFO] Worker exiting (pid: 466)
[2019-07-10 18:52:33 +0000] [468] [INFO] Worker exiting (pid: 468)
[2019-07-10 14:52:33 -0400] [412] [INFO] Shutting down: Master
[2019-07-10 14:52:34 -0400] [987] [INFO] Starting gunicorn 19.9.0
[2019-07-10 14:52:34 -0400] [987] [INFO] Listening at: unix:/opt/san/storage/storage.sock (987)
[2019-07-10 14:52:34 -0400] [987] [INFO] Using worker: sync
[2019-07-10 14:52:34 -0400] [991] [INFO] Booting worker with pid: 991
[2019-07-10 14:52:34 -0400] [993] [INFO] Booting worker with pid: 993
[2019-07-10 14:53:01 -0400] [987] [INFO] Handling signal: term
[2019-07-10 18:53:01 +0000] [993] [INFO] Worker exiting (pid: 993)
[2019-07-10 18:53:01 +0000] [991] [INFO] Worker exiting (pid: 991)
[2019-07-10 14:53:01 -0400] [987] [INFO] Shutting down: Master
[2019-07-10 14:53:01 -0400] [1000] [INFO] Starting gunicorn 19.9.0
[2019-07-10 14:53:01 -0400] [1000] [INFO] Listening at: unix:/opt/san/storage/storage.sock (1000)
[2019-07-10 14:53:01 -0400] [1000] [INFO] Using worker: sync
[2019-07-10 14:53:01 -0400] [1003] [INFO] Booting worker with pid: 1003
[2019-07-10 14:53:01 -0400] [1004] [INFO] Booting worker with pid: 1004
[2019-07-10 18:53:19 +0000] [1003] [INFO] Worker exiting (pid: 1003)
[2019-07-10 14:53:19 -0400] [1000] [INFO] Handling signal: term
[2019-07-10 18:53:19 +0000] [1004] [INFO] Worker exiting (pid: 1004)
[2019-07-10 14:53:19 -0400] [1000] [INFO] Shutting down: Master
[2019-07-10 14:53:19 -0400] [1012] [INFO] Starting gunicorn 19.9.0
[2019-07-10 14:53:19 -0400] [1012] [INFO] Listening at: unix:/opt/san/storage/storage.sock (1012)
[2019-07-10 14:53:19 -0400] [1012] [INFO] Using worker: sync
[2019-07-10 14:53:19 -0400] [1015] [INFO] Booting worker with pid: 1015
[2019-07-10 14:53:20 -0400] [1017] [INFO] Booting worker with pid: 1017
[2019-07-10 14:55:21 -0400] [1012] [INFO] Handling signal: term
[2019-07-10 18:55:21 +0000] [1017] [INFO] Worker exiting (pid: 1017)
[2019-07-10 18:55:21 +0000] [1015] [INFO] Worker exiting (pid: 1015)
[2019-07-10 14:55:21 -0400] [1012] [INFO] Shutting down: Master
[2019-07-10 14:55:22 -0400] [1028] [INFO] Starting gunicorn 19.9.0
[2019-07-10 14:55:22 -0400] [1028] [INFO] Listening at: unix:/opt/san/storage/storage.sock (1028)
[2019-07-10 14:55:22 -0400] [1028] [INFO] Using worker: sync
[2019-07-10 14:55:22 -0400] [1032] [INFO] Booting worker with pid: 1032
[2019-07-10 14:55:22 -0400] [1033] [INFO] Booting worker with pid: 1033
[2019-07-10 14:56:09 -0400] [1028] [INFO] Handling signal: term
[2019-07-10 18:56:09 +0000] [1032] [INFO] Worker exiting (pid: 1032)
[2019-07-10 18:56:09 +0000] [1033] [INFO] Worker exiting (pid: 1033)
[2019-07-10 14:56:09 -0400] [1028] [INFO] Shutting down: Master
[2019-07-10 14:56:10 -0400] [1041] [INFO] Starting gunicorn 19.9.0
[2019-07-10 14:56:10 -0400] [1041] [INFO] Listening at: unix:/opt/san/storage/storage.sock (1041)
[2019-07-10 14:56:10 -0400] [1041] [INFO] Using worker: sync
[2019-07-10 14:56:10 -0400] [1045] [INFO] Booting worker with pid: 1045
[2019-07-10 14:56:10 -0400] [1046] [INFO] Booting worker with pid: 1046
[2019-07-10 14:56:16 -0400] [1041] [INFO] Handling signal: term
[2019-07-10 18:56:16 +0000] [1045] [INFO] Worker exiting (pid: 1045)
[2019-07-10 18:56:16 +0000] [1046] [INFO] Worker exiting (pid: 1046)
[2019-07-10 14:56:16 -0400] [1041] [INFO] Shutting down: Master
[2019-07-10 14:56:16 -0400] [1056] [INFO] Starting gunicorn 19.9.0
[2019-07-10 14:56:16 -0400] [1056] [INFO] Listening at: unix:/opt/san/storage/storage.sock (1056)
[2019-07-10 14:56:16 -0400] [1056] [INFO] Using worker: sync
[2019-07-10 14:56:16 -0400] [1059] [INFO] Booting worker with pid: 1059
[2019-07-10 14:56:16 -0400] [1060] [INFO] Booting worker with pid: 1060
[2019-07-10 14:57:30 -0400] [1056] [INFO] Handling signal: term
[2019-07-10 18:57:30 +0000] [1059] [INFO] Worker exiting (pid: 1059)
[2019-07-10 18:57:30 +0000] [1060] [INFO] Worker exiting (pid: 1060)
[2019-07-10 14:57:30 -0400] [1056] [INFO] Shutting down: Master
[2019-07-10 14:57:30 -0400] [1069] [INFO] Starting gunicorn 19.9.0
[2019-07-10 14:57:30 -0400] [1069] [INFO] Listening at: unix:/opt/san/storage/storage.sock (1069)
[2019-07-10 14:57:30 -0400] [1069] [INFO] Using worker: sync
[2019-07-10 14:57:30 -0400] [1072] [INFO] Booting worker with pid: 1072
[2019-07-10 14:57:30 -0400] [1073] [INFO] Booting worker with pid: 1073
[2019-07-10 15:00:40 -0400] [1069] [INFO] Handling signal: term
[2019-07-10 19:00:40 +0000] [1072] [INFO] Worker exiting (pid: 1072)
[2019-07-10 19:00:40 +0000] [1073] [INFO] Worker exiting (pid: 1073)
[2019-07-10 15:00:41 -0400] [1069] [INFO] Shutting down: Master
[2019-07-10 15:00:41 -0400] [1114] [INFO] Starting gunicorn 19.9.0
[2019-07-10 15:00:41 -0400] [1114] [INFO] Listening at: unix:/opt/san/storage/storage.sock (1114)
[2019-07-10 15:00:41 -0400] [1114] [INFO] Using worker: sync
[2019-07-10 15:00:41 -0400] [1117] [INFO] Booting worker with pid: 1117
[2019-07-10 15:00:41 -0400] [1118] [INFO] Booting worker with pid: 1118
[2019-07-10 15:00:47 -0400] [1114] [INFO] Handling signal: term
[2019-07-10 19:00:47 +0000] [1117] [INFO] Worker exiting (pid: 1117)
[2019-07-10 19:00:47 +0000] [1118] [INFO] Worker exiting (pid: 1118)
[2019-07-10 15:00:47 -0400] [1114] [INFO] Shutting down: Master
[2019-07-10 15:00:47 -0400] [1124] [INFO] Starting gunicorn 19.9.0
[2019-07-10 15:00:47 -0400] [1124] [INFO] Listening at: unix:/opt/san/storage/storage.sock (1124)
[2019-07-10 15:00:47 -0400] [1124] [INFO] Using worker: sync
[2019-07-10 15:00:47 -0400] [1127] [INFO] Booting worker with pid: 1127
[2019-07-10 15:00:48 -0400] [1129] [INFO] Booting worker with pid: 1129
[2019-07-10 15:01:17 -0400] [1124] [INFO] Handling signal: term
[2019-07-10 19:01:17 +0000] [1129] [INFO] Worker exiting (pid: 1129)
[2019-07-10 19:01:17 +0000] [1127] [INFO] Worker exiting (pid: 1127)
[2019-07-10 15:01:17 -0400] [1124] [INFO] Shutting down: Master
[2019-07-10 15:01:17 -0400] [1133] [INFO] Starting gunicorn 19.9.0
[2019-07-10 15:01:17 -0400] [1133] [INFO] Listening at: unix:/opt/san/storage/storage.sock (1133)
[2019-07-10 15:01:17 -0400] [1133] [INFO] Using worker: sync
[2019-07-10 15:01:17 -0400] [1137] [INFO] Booting worker with pid: 1137
[2019-07-10 15:01:17 -0400] [1138] [INFO] Booting worker with pid: 1138
[2019-07-10 15:01:39 -0400] [1133] [INFO] Handling signal: term
[2019-07-10 19:01:39 +0000] [1138] [INFO] Worker exiting (pid: 1138)
[2019-07-10 19:01:39 +0000] [1137] [INFO] Worker exiting (pid: 1137)
[2019-07-10 15:01:39 -0400] [1133] [INFO] Shutting down: Master
[2019-07-10 15:01:40 -0400] [1157] [INFO] Starting gunicorn 19.9.0
[2019-07-10 15:01:40 -0400] [1157] [INFO] Listening at: unix:/opt/san/storage/storage.sock (1157)
[2019-07-10 15:01:40 -0400] [1157] [INFO] Using worker: sync
[2019-07-10 15:01:40 -0400] [1161] [INFO] Booting worker with pid: 1161
[2019-07-10 15:01:40 -0400] [1162] [INFO] Booting worker with pid: 1162
[2019-07-10 15:02:00 -0400] [1157] [INFO] Handling signal: term
[2019-07-10 19:02:00 +0000] [1161] [INFO] Worker exiting (pid: 1161)
[2019-07-10 19:02:00 +0000] [1162] [INFO] Worker exiting (pid: 1162)
[2019-07-10 15:02:01 -0400] [1157] [INFO] Shutting down: Master
[2019-07-10 15:02:01 -0400] [1167] [INFO] Starting gunicorn 19.9.0
[2019-07-10 15:02:01 -0400] [1167] [INFO] Listening at: unix:/opt/san/storage/storage.sock (1167)
[2019-07-10 15:02:01 -0400] [1167] [INFO] Using worker: sync
[2019-07-10 15:02:01 -0400] [1171] [INFO] Booting worker with pid: 1171
[2019-07-10 15:02:01 -0400] [1172] [INFO] Booting worker with pid: 1172
[2019-07-10 15:04:53 -0400] [1167] [INFO] Handling signal: term
[2019-07-10 19:04:53 +0000] [1171] [INFO] Worker exiting (pid: 1171)
[2019-07-10 19:04:53 +0000] [1172] [INFO] Worker exiting (pid: 1172)
[2019-07-10 15:04:53 -0400] [1167] [INFO] Shutting down: Master
[2019-07-10 15:04:53 -0400] [1182] [INFO] Starting gunicorn 19.9.0
[2019-07-10 15:04:53 -0400] [1182] [INFO] Listening at: unix:/opt/san/storage/storage.sock (1182)
[2019-07-10 15:04:53 -0400] [1182] [INFO] Using worker: sync
[2019-07-10 15:04:53 -0400] [1185] [INFO] Booting worker with pid: 1185
[2019-07-10 15:04:53 -0400] [1186] [INFO] Booting worker with pid: 1186
[2019-07-10 15:05:42 -0400] [1182] [INFO] Handling signal: term
[2019-07-10 19:05:42 +0000] [1185] [INFO] Worker exiting (pid: 1185)
[2019-07-10 19:05:42 +0000] [1186] [INFO] Worker exiting (pid: 1186)
[2019-07-10 15:05:42 -0400] [1182] [INFO] Shutting down: Master
[2019-07-10 15:05:43 -0400] [1195] [INFO] Starting gunicorn 19.9.0
[2019-07-10 15:05:43 -0400] [1195] [INFO] Listening at: unix:/opt/san/storage/storage.sock (1195)
[2019-07-10 15:05:43 -0400] [1195] [INFO] Using worker: sync
[2019-07-10 15:05:43 -0400] [1199] [INFO] Booting worker with pid: 1199
[2019-07-10 15:05:43 -0400] [1200] [INFO] Booting worker with pid: 1200
[2019-07-10 15:06:35 -0400] [1195] [INFO] Handling signal: term
[2019-07-10 19:06:35 +0000] [1199] [INFO] Worker exiting (pid: 1199)
[2019-07-10 19:06:35 +0000] [1200] [INFO] Worker exiting (pid: 1200)
[2019-07-10 15:06:35 -0400] [1195] [INFO] Shutting down: Master
[2019-07-10 15:06:36 -0400] [1206] [INFO] Starting gunicorn 19.9.0
[2019-07-10 15:06:36 -0400] [1206] [INFO] Listening at: unix:/opt/san/storage/storage.sock (1206)
[2019-07-10 15:06:36 -0400] [1206] [INFO] Using worker: sync
[2019-07-10 15:06:36 -0400] [1210] [INFO] Booting worker with pid: 1210
[2019-07-10 15:06:36 -0400] [1211] [INFO] Booting worker with pid: 1211
[2019-07-10 15:07:28 -0400] [1206] [INFO] Handling signal: term
[2019-07-10 19:07:28 +0000] [1210] [INFO] Worker exiting (pid: 1210)
[2019-07-10 19:07:28 +0000] [1211] [INFO] Worker exiting (pid: 1211)
[2019-07-10 15:07:28 -0400] [1206] [INFO] Shutting down: Master
[2019-07-10 15:07:28 -0400] [1217] [INFO] Starting gunicorn 19.9.0
[2019-07-10 15:07:28 -0400] [1217] [INFO] Listening at: unix:/opt/san/storage/storage.sock (1217)
[2019-07-10 15:07:28 -0400] [1217] [INFO] Using worker: sync
[2019-07-10 15:07:28 -0400] [1220] [INFO] Booting worker with pid: 1220
[2019-07-10 15:07:28 -0400] [1221] [INFO] Booting worker with pid: 1221
[2019-07-10 15:08:25 -0400] [1217] [INFO] Handling signal: term
[2019-07-10 19:08:25 +0000] [1221] [INFO] Worker exiting (pid: 1221)
[2019-07-10 19:08:25 +0000] [1220] [INFO] Worker exiting (pid: 1220)
[2019-07-10 15:08:25 -0400] [1217] [INFO] Shutting down: Master
[2019-07-10 15:08:25 -0400] [1229] [INFO] Starting gunicorn 19.9.0
[2019-07-10 15:08:25 -0400] [1229] [INFO] Listening at: unix:/opt/san/storage/storage.sock (1229)
[2019-07-10 15:08:25 -0400] [1229] [INFO] Using worker: sync
[2019-07-10 15:08:25 -0400] [1232] [INFO] Booting worker with pid: 1232
[2019-07-10 15:08:25 -0400] [1234] [INFO] Booting worker with pid: 1234
[2019-07-10 15:09:08 -0400] [1229] [INFO] Handling signal: term
[2019-07-10 19:09:08 +0000] [1232] [INFO] Worker exiting (pid: 1232)
[2019-07-10 19:09:08 +0000] [1234] [INFO] Worker exiting (pid: 1234)
[2019-07-10 15:09:08 -0400] [1229] [INFO] Shutting down: Master
[2019-07-10 15:09:08 -0400] [1240] [INFO] Starting gunicorn 19.9.0
[2019-07-10 15:09:08 -0400] [1240] [INFO] Listening at: unix:/opt/san/storage/storage.sock (1240)
[2019-07-10 15:09:08 -0400] [1240] [INFO] Using worker: sync
[2019-07-10 15:09:08 -0400] [1243] [INFO] Booting worker with pid: 1243
[2019-07-10 15:09:08 -0400] [1244] [INFO] Booting worker with pid: 1244
[2019-07-10 15:10:48 -0400] [1240] [INFO] Handling signal: term
[2019-07-10 19:10:48 +0000] [1244] [INFO] Worker exiting (pid: 1244)
[2019-07-10 19:10:48 +0000] [1243] [INFO] Worker exiting (pid: 1243)
[2019-07-10 15:10:48 -0400] [1240] [INFO] Shutting down: Master
[2019-07-10 15:10:48 -0400] [1252] [INFO] Starting gunicorn 19.9.0
[2019-07-10 15:10:48 -0400] [1252] [INFO] Listening at: unix:/opt/san/storage/storage.sock (1252)
[2019-07-10 15:10:48 -0400] [1252] [INFO] Using worker: sync
[2019-07-10 15:10:48 -0400] [1255] [INFO] Booting worker with pid: 1255
[2019-07-10 15:10:48 -0400] [1257] [INFO] Booting worker with pid: 1257
[2019-07-10 15:12:03 -0400] [1252] [INFO] Handling signal: term
[2019-07-10 19:12:03 +0000] [1257] [INFO] Worker exiting (pid: 1257)
[2019-07-10 19:12:03 +0000] [1255] [INFO] Worker exiting (pid: 1255)
[2019-07-10 15:12:03 -0400] [1252] [INFO] Shutting down: Master
[2019-07-10 15:12:03 -0400] [1263] [INFO] Starting gunicorn 19.9.0
[2019-07-10 15:12:03 -0400] [1263] [INFO] Listening at: unix:/opt/san/storage/storage.sock (1263)
[2019-07-10 15:12:03 -0400] [1263] [INFO] Using worker: sync
[2019-07-10 15:12:03 -0400] [1266] [INFO] Booting worker with pid: 1266
[2019-07-10 15:12:03 -0400] [1267] [INFO] Booting worker with pid: 1267
[2019-07-10 15:12:34 -0400] [1263] [INFO] Handling signal: term
[2019-07-10 19:12:34 +0000] [1266] [INFO] Worker exiting (pid: 1266)
[2019-07-10 19:12:34 +0000] [1267] [INFO] Worker exiting (pid: 1267)
[2019-07-10 15:12:35 -0400] [1263] [INFO] Shutting down: Master
[2019-07-10 15:12:35 -0400] [1282] [INFO] Starting gunicorn 19.9.0
[2019-07-10 15:12:35 -0400] [1282] [INFO] Listening at: unix:/opt/san/storage/storage.sock (1282)
[2019-07-10 15:12:35 -0400] [1282] [INFO] Using worker: sync
[2019-07-10 15:12:35 -0400] [1285] [INFO] Booting worker with pid: 1285
[2019-07-10 15:12:35 -0400] [1286] [INFO] Booting worker with pid: 1286
[2019-07-10 15:12:43 -0400] [1282] [INFO] Handling signal: term
[2019-07-10 19:12:43 +0000] [1285] [INFO] Worker exiting (pid: 1285)
[2019-07-10 19:12:43 +0000] [1286] [INFO] Worker exiting (pid: 1286)
[2019-07-10 15:12:44 -0400] [1282] [INFO] Shutting down: Master
[2019-07-10 15:12:44 -0400] [1291] [INFO] Starting gunicorn 19.9.0
[2019-07-10 15:12:44 -0400] [1291] [INFO] Listening at: unix:/opt/san/storage/storage.sock (1291)
[2019-07-10 15:12:44 -0400] [1291] [INFO] Using worker: sync
[2019-07-10 15:12:44 -0400] [1295] [INFO] Booting worker with pid: 1295
[2019-07-10 15:12:44 -0400] [1296] [INFO] Booting worker with pid: 1296
[2019-07-10 15:13:13 -0400] [1291] [INFO] Handling signal: term
[2019-07-10 19:13:13 +0000] [1295] [INFO] Worker exiting (pid: 1295)
[2019-07-10 19:13:13 +0000] [1296] [INFO] Worker exiting (pid: 1296)
[2019-07-10 15:13:13 -0400] [1291] [INFO] Shutting down: Master
[2019-07-10 15:13:13 -0400] [1323] [INFO] Starting gunicorn 19.9.0
[2019-07-10 15:13:13 -0400] [1323] [INFO] Listening at: unix:/opt/san/storage/storage.sock (1323)
[2019-07-10 15:13:13 -0400] [1323] [INFO] Using worker: sync
[2019-07-10 15:13:13 -0400] [1326] [INFO] Booting worker with pid: 1326
[2019-07-10 15:13:13 -0400] [1327] [INFO] Booting worker with pid: 1327
[2019-07-10 19:13:37 +0000] [1326] [INFO] Worker exiting (pid: 1326)
[2019-07-10 19:13:37 +0000] [1327] [INFO] Worker exiting (pid: 1327)
[2019-07-10 15:13:37 -0400] [1323] [INFO] Handling signal: term
[2019-07-10 15:13:37 -0400] [1323] [INFO] Shutting down: Master
[2019-07-10 15:13:38 -0400] [1343] [INFO] Starting gunicorn 19.9.0
[2019-07-10 15:13:38 -0400] [1343] [INFO] Listening at: unix:/opt/san/storage/storage.sock (1343)
[2019-07-10 15:13:38 -0400] [1343] [INFO] Using worker: sync
[2019-07-10 15:13:38 -0400] [1346] [INFO] Booting worker with pid: 1346
[2019-07-10 15:13:38 -0400] [1347] [INFO] Booting worker with pid: 1347
[2019-07-10 19:13:53 +0000] [1346] [INFO] Worker exiting (pid: 1346)
[2019-07-10 15:13:53 -0400] [1343] [INFO] Handling signal: term
[2019-07-10 19:13:53 +0000] [1347] [INFO] Worker exiting (pid: 1347)
[2019-07-10 15:13:53 -0400] [1343] [INFO] Shutting down: Master
[2019-07-10 15:13:54 -0400] [1361] [INFO] Starting gunicorn 19.9.0
[2019-07-10 15:13:54 -0400] [1361] [INFO] Listening at: unix:/opt/san/storage/storage.sock (1361)
[2019-07-10 15:13:54 -0400] [1361] [INFO] Using worker: sync
[2019-07-10 15:13:54 -0400] [1365] [INFO] Booting worker with pid: 1365
[2019-07-10 15:13:54 -0400] [1366] [INFO] Booting worker with pid: 1366
[2019-07-10 19:14:23 +0000] [1365] [INFO] Worker exiting (pid: 1365)
[2019-07-10 19:14:23 +0000] [1366] [INFO] Worker exiting (pid: 1366)
[2019-07-10 15:14:23 -0400] [1361] [INFO] Handling signal: term
[2019-07-10 15:14:24 -0400] [1361] [INFO] Shutting down: Master
[2019-07-10 15:14:24 -0400] [1381] [INFO] Starting gunicorn 19.9.0
[2019-07-10 15:14:24 -0400] [1381] [INFO] Listening at: unix:/opt/san/storage/storage.sock (1381)
[2019-07-10 15:14:24 -0400] [1381] [INFO] Using worker: sync
[2019-07-10 15:14:24 -0400] [1384] [INFO] Booting worker with pid: 1384
[2019-07-10 15:14:24 -0400] [1386] [INFO] Booting worker with pid: 1386
[2019-07-10 19:15:08 +0000] [1384] [INFO] Worker exiting (pid: 1384)
[2019-07-10 19:15:08 +0000] [1386] [INFO] Worker exiting (pid: 1386)
[2019-07-10 15:15:08 -0400] [1381] [INFO] Handling signal: term
[2019-07-10 15:15:08 -0400] [1381] [INFO] Shutting down: Master
[2019-07-10 15:15:08 -0400] [1405] [INFO] Starting gunicorn 19.9.0
[2019-07-10 15:15:08 -0400] [1405] [INFO] Listening at: unix:/opt/san/storage/storage.sock (1405)
[2019-07-10 15:15:08 -0400] [1405] [INFO] Using worker: sync
[2019-07-10 15:15:08 -0400] [1408] [INFO] Booting worker with pid: 1408
[2019-07-10 15:15:08 -0400] [1409] [INFO] Booting worker with pid: 1409
[2019-07-10 19:15:31 +0000] [1408] [INFO] Worker exiting (pid: 1408)
[2019-07-10 19:15:31 +0000] [1409] [INFO] Worker exiting (pid: 1409)
[2019-07-10 15:15:31 -0400] [1405] [INFO] Handling signal: term
[2019-07-10 15:15:31 -0400] [1405] [INFO] Shutting down: Master
[2019-07-10 15:15:32 -0400] [1424] [INFO] Starting gunicorn 19.9.0
[2019-07-10 15:15:32 -0400] [1424] [INFO] Listening at: unix:/opt/san/storage/storage.sock (1424)
[2019-07-10 15:15:32 -0400] [1424] [INFO] Using worker: sync
[2019-07-10 15:15:32 -0400] [1428] [INFO] Booting worker with pid: 1428
[2019-07-10 15:15:32 -0400] [1430] [INFO] Booting worker with pid: 1430
[2019-07-10 19:16:05 +0000] [1428] [INFO] Worker exiting (pid: 1428)
[2019-07-10 19:16:05 +0000] [1430] [INFO] Worker exiting (pid: 1430)
[2019-07-10 15:16:05 -0400] [1424] [INFO] Handling signal: term
[2019-07-10 15:16:05 -0400] [1424] [INFO] Shutting down: Master
[2019-07-10 15:16:05 -0400] [1443] [INFO] Starting gunicorn 19.9.0
[2019-07-10 15:16:05 -0400] [1443] [INFO] Listening at: unix:/opt/san/storage/storage.sock (1443)
[2019-07-10 15:16:05 -0400] [1443] [INFO] Using worker: sync
[2019-07-10 15:16:06 -0400] [1447] [INFO] Booting worker with pid: 1447
[2019-07-10 15:16:06 -0400] [1448] [INFO] Booting worker with pid: 1448
[2019-07-10 19:16:28 +0000] [1447] [INFO] Worker exiting (pid: 1447)
[2019-07-10 15:16:28 -0400] [1443] [INFO] Handling signal: term
[2019-07-10 19:16:28 +0000] [1448] [INFO] Worker exiting (pid: 1448)
[2019-07-10 15:16:28 -0400] [1443] [INFO] Shutting down: Master
[2019-07-10 15:16:29 -0400] [1462] [INFO] Starting gunicorn 19.9.0
[2019-07-10 15:16:29 -0400] [1462] [INFO] Listening at: unix:/opt/san/storage/storage.sock (1462)
[2019-07-10 15:16:29 -0400] [1462] [INFO] Using worker: sync
[2019-07-10 15:16:29 -0400] [1466] [INFO] Booting worker with pid: 1466
[2019-07-10 15:16:29 -0400] [1467] [INFO] Booting worker with pid: 1467
[2019-07-10 15:16:50 -0400] [1462] [INFO] Handling signal: term
[2019-07-10 19:16:50 +0000] [1466] [INFO] Worker exiting (pid: 1466)
[2019-07-10 19:16:50 +0000] [1467] [INFO] Worker exiting (pid: 1467)
[2019-07-10 15:16:51 -0400] [1462] [INFO] Shutting down: Master
[2019-07-10 15:16:51 -0400] [1483] [INFO] Starting gunicorn 19.9.0
[2019-07-10 15:16:51 -0400] [1483] [INFO] Listening at: unix:/opt/san/storage/storage.sock (1483)
[2019-07-10 15:16:51 -0400] [1483] [INFO] Using worker: sync
[2019-07-10 15:16:51 -0400] [1487] [INFO] Booting worker with pid: 1487
[2019-07-10 15:16:51 -0400] [1488] [INFO] Booting worker with pid: 1488
[2019-07-10 15:17:03 -0400] [1483] [INFO] Handling signal: term
[2019-07-10 19:17:03 +0000] [1487] [INFO] Worker exiting (pid: 1487)
[2019-07-10 19:17:03 +0000] [1488] [INFO] Worker exiting (pid: 1488)
[2019-07-10 15:17:04 -0400] [1483] [INFO] Shutting down: Master
[2019-07-10 15:17:04 -0400] [1505] [INFO] Starting gunicorn 19.9.0
[2019-07-10 15:17:04 -0400] [1505] [INFO] Listening at: unix:/opt/san/storage/storage.sock (1505)
[2019-07-10 15:17:04 -0400] [1505] [INFO] Using worker: sync
[2019-07-10 15:17:04 -0400] [1509] [INFO] Booting worker with pid: 1509
[2019-07-10 15:17:05 -0400] [1511] [INFO] Booting worker with pid: 1511
[2019-07-10 19:17:52 +0000] [1509] [INFO] Worker exiting (pid: 1509)
[2019-07-10 19:17:52 +0000] [1511] [INFO] Worker exiting (pid: 1511)
[2019-07-10 15:17:52 -0400] [1505] [INFO] Handling signal: term
[2019-07-10 15:17:53 -0400] [1505] [INFO] Shutting down: Master
[2019-07-10 15:17:53 -0400] [1525] [INFO] Starting gunicorn 19.9.0
[2019-07-10 15:17:53 -0400] [1525] [INFO] Listening at: unix:/opt/san/storage/storage.sock (1525)
[2019-07-10 15:17:53 -0400] [1525] [INFO] Using worker: sync
[2019-07-10 15:17:53 -0400] [1529] [INFO] Booting worker with pid: 1529
[2019-07-10 15:17:53 -0400] [1530] [INFO] Booting worker with pid: 1530
[2019-07-10 19:19:17 +0000] [1530] [INFO] Worker exiting (pid: 1530)
[2019-07-10 19:19:17 +0000] [1529] [INFO] Worker exiting (pid: 1529)
[2019-07-10 15:19:17 -0400] [1525] [INFO] Handling signal: term
[2019-07-10 15:19:17 -0400] [1525] [INFO] Shutting down: Master
[2019-07-10 15:19:18 -0400] [1545] [INFO] Starting gunicorn 19.9.0
[2019-07-10 15:19:18 -0400] [1545] [INFO] Listening at: unix:/opt/san/storage/storage.sock (1545)
[2019-07-10 15:19:18 -0400] [1545] [INFO] Using worker: sync
[2019-07-10 15:19:18 -0400] [1549] [INFO] Booting worker with pid: 1549
[2019-07-10 15:19:18 -0400] [1550] [INFO] Booting worker with pid: 1550
[2019-07-10 19:20:09 +0000] [1549] [INFO] Worker exiting (pid: 1549)
[2019-07-10 19:20:09 +0000] [1550] [INFO] Worker exiting (pid: 1550)
[2019-07-10 15:20:09 -0400] [1545] [INFO] Handling signal: term
[2019-07-10 15:20:09 -0400] [1545] [INFO] Shutting down: Master
[2019-07-10 15:20:09 -0400] [1565] [INFO] Starting gunicorn 19.9.0
[2019-07-10 15:20:09 -0400] [1565] [INFO] Listening at: unix:/opt/san/storage/storage.sock (1565)
[2019-07-10 15:20:09 -0400] [1565] [INFO] Using worker: sync
[2019-07-10 15:20:09 -0400] [1569] [INFO] Booting worker with pid: 1569
[2019-07-10 15:20:09 -0400] [1570] [INFO] Booting worker with pid: 1570
[2019-07-10 19:21:15 +0000] [1569] [INFO] Worker exiting (pid: 1569)
[2019-07-10 19:21:15 +0000] [1570] [INFO] Worker exiting (pid: 1570)
[2019-07-10 15:21:15 -0400] [1565] [INFO] Handling signal: term
[2019-07-10 15:21:15 -0400] [1565] [INFO] Shutting down: Master
[2019-07-10 15:21:16 -0400] [1585] [INFO] Starting gunicorn 19.9.0
[2019-07-10 15:21:16 -0400] [1585] [INFO] Listening at: unix:/opt/san/storage/storage.sock (1585)
[2019-07-10 15:21:16 -0400] [1585] [INFO] Using worker: sync
[2019-07-10 15:21:16 -0400] [1589] [INFO] Booting worker with pid: 1589
[2019-07-10 15:21:16 -0400] [1590] [INFO] Booting worker with pid: 1590
[2019-07-10 19:22:14 +0000] [1589] [INFO] Worker exiting (pid: 1589)
[2019-07-10 19:22:14 +0000] [1590] [INFO] Worker exiting (pid: 1590)
[2019-07-10 15:22:14 -0400] [1585] [INFO] Handling signal: term
[2019-07-10 15:22:14 -0400] [1585] [INFO] Shutting down: Master
[2019-07-10 15:22:14 -0400] [1606] [INFO] Starting gunicorn 19.9.0
[2019-07-10 15:22:14 -0400] [1606] [INFO] Listening at: unix:/opt/san/storage/storage.sock (1606)
[2019-07-10 15:22:14 -0400] [1606] [INFO] Using worker: sync
[2019-07-10 15:22:14 -0400] [1611] [INFO] Booting worker with pid: 1611
[2019-07-10 15:22:14 -0400] [1612] [INFO] Booting worker with pid: 1612
[2019-07-10 15:22:52 -0400] [1606] [INFO] Handling signal: term
[2019-07-10 19:22:52 +0000] [1611] [INFO] Worker exiting (pid: 1611)
[2019-07-10 19:22:52 +0000] [1612] [INFO] Worker exiting (pid: 1612)
[2019-07-10 15:22:53 -0400] [1606] [INFO] Shutting down: Master
[2019-07-10 15:22:53 -0400] [1627] [INFO] Starting gunicorn 19.9.0
[2019-07-10 15:22:53 -0400] [1627] [INFO] Listening at: unix:/opt/san/storage/storage.sock (1627)
[2019-07-10 15:22:53 -0400] [1627] [INFO] Using worker: sync
[2019-07-10 15:22:53 -0400] [1631] [INFO] Booting worker with pid: 1631
[2019-07-10 15:22:53 -0400] [1632] [INFO] Booting worker with pid: 1632
[2019-07-10 19:24:47 +0000] [1631] [INFO] Worker exiting (pid: 1631)
[2019-07-10 19:24:47 +0000] [1632] [INFO] Worker exiting (pid: 1632)
[2019-07-10 15:24:47 -0400] [1627] [INFO] Handling signal: term
[2019-07-10 15:24:47 -0400] [1627] [INFO] Shutting down: Master
[2019-07-10 15:24:47 -0400] [1648] [INFO] Starting gunicorn 19.9.0
[2019-07-10 15:24:47 -0400] [1648] [INFO] Listening at: unix:/opt/san/storage/storage.sock (1648)
[2019-07-10 15:24:47 -0400] [1648] [INFO] Using worker: sync
[2019-07-10 15:24:47 -0400] [1652] [INFO] Booting worker with pid: 1652
[2019-07-10 15:24:47 -0400] [1653] [INFO] Booting worker with pid: 1653
[2019-07-10 19:25:46 +0000] [1653] [INFO] Worker exiting (pid: 1653)
[2019-07-10 19:25:46 +0000] [1652] [INFO] Worker exiting (pid: 1652)
[2019-07-10 15:25:46 -0400] [1648] [INFO] Handling signal: term
[2019-07-10 15:25:46 -0400] [1648] [INFO] Shutting down: Master
[2019-07-10 15:25:47 -0400] [1672] [INFO] Starting gunicorn 19.9.0
[2019-07-10 15:25:47 -0400] [1672] [INFO] Listening at: unix:/opt/san/storage/storage.sock (1672)
[2019-07-10 15:25:47 -0400] [1672] [INFO] Using worker: sync
[2019-07-10 15:25:47 -0400] [1675] [INFO] Booting worker with pid: 1675
[2019-07-10 15:25:47 -0400] [1676] [INFO] Booting worker with pid: 1676
[2019-07-10 19:25:57 +0000] [1675] [INFO] Worker exiting (pid: 1675)
[2019-07-10 15:25:57 -0400] [1672] [INFO] Handling signal: term
[2019-07-10 19:25:57 +0000] [1676] [INFO] Worker exiting (pid: 1676)
[2019-07-10 15:25:58 -0400] [1672] [INFO] Shutting down: Master
[2019-07-10 15:25:58 -0400] [1690] [INFO] Starting gunicorn 19.9.0
[2019-07-10 15:25:58 -0400] [1690] [INFO] Listening at: unix:/opt/san/storage/storage.sock (1690)
[2019-07-10 15:25:58 -0400] [1690] [INFO] Using worker: sync
[2019-07-10 15:25:58 -0400] [1694] [INFO] Booting worker with pid: 1694
[2019-07-10 15:25:58 -0400] [1695] [INFO] Booting worker with pid: 1695
[2019-07-10 15:26:14 -0400] [1690] [INFO] Handling signal: term
[2019-07-10 19:26:14 +0000] [1695] [INFO] Worker exiting (pid: 1695)
[2019-07-10 19:26:14 +0000] [1694] [INFO] Worker exiting (pid: 1694)
[2019-07-10 15:26:14 -0400] [1690] [INFO] Shutting down: Master
[2019-07-10 15:26:14 -0400] [1710] [INFO] Starting gunicorn 19.9.0
[2019-07-10 15:26:14 -0400] [1710] [INFO] Listening at: unix:/opt/san/storage/storage.sock (1710)
[2019-07-10 15:26:14 -0400] [1710] [INFO] Using worker: sync
[2019-07-10 15:26:14 -0400] [1713] [INFO] Booting worker with pid: 1713
[2019-07-10 15:26:14 -0400] [1715] [INFO] Booting worker with pid: 1715
[2019-07-10 15:26:41 -0400] [1710] [INFO] Handling signal: term
[2019-07-10 19:26:41 +0000] [1713] [INFO] Worker exiting (pid: 1713)
[2019-07-10 19:26:41 +0000] [1715] [INFO] Worker exiting (pid: 1715)
[2019-07-10 15:26:42 -0400] [1710] [INFO] Shutting down: Master
[2019-07-10 15:26:42 -0400] [1729] [INFO] Starting gunicorn 19.9.0
[2019-07-10 15:26:42 -0400] [1729] [INFO] Listening at: unix:/opt/san/storage/storage.sock (1729)
[2019-07-10 15:26:42 -0400] [1729] [INFO] Using worker: sync
[2019-07-10 15:26:42 -0400] [1733] [INFO] Booting worker with pid: 1733
[2019-07-10 15:26:43 -0400] [1734] [INFO] Booting worker with pid: 1734
[2019-07-10 15:27:09 -0400] [1729] [INFO] Handling signal: term
[2019-07-10 19:27:09 +0000] [1733] [INFO] Worker exiting (pid: 1733)
[2019-07-10 19:27:09 +0000] [1734] [INFO] Worker exiting (pid: 1734)
[2019-07-10 15:27:09 -0400] [1729] [INFO] Shutting down: Master
[2019-07-10 15:27:10 -0400] [1749] [INFO] Starting gunicorn 19.9.0
[2019-07-10 15:27:10 -0400] [1749] [INFO] Listening at: unix:/opt/san/storage/storage.sock (1749)
[2019-07-10 15:27:10 -0400] [1749] [INFO] Using worker: sync
[2019-07-10 15:27:10 -0400] [1752] [INFO] Booting worker with pid: 1752
[2019-07-10 15:27:10 -0400] [1753] [INFO] Booting worker with pid: 1753
[2019-07-10 15:27:11 -0400] [1749] [INFO] Handling signal: term
[2019-07-10 19:27:11 +0000] [1752] [INFO] Worker exiting (pid: 1752)
[2019-07-10 19:27:11 +0000] [1753] [INFO] Worker exiting (pid: 1753)
[2019-07-10 15:27:12 -0400] [1749] [INFO] Shutting down: Master
[2019-07-10 15:27:12 -0400] [1768] [INFO] Starting gunicorn 19.9.0
[2019-07-10 15:27:12 -0400] [1768] [INFO] Listening at: unix:/opt/san/storage/storage.sock (1768)
[2019-07-10 15:27:12 -0400] [1768] [INFO] Using worker: sync
[2019-07-10 15:27:12 -0400] [1771] [INFO] Booting worker with pid: 1771
[2019-07-10 15:27:12 -0400] [1772] [INFO] Booting worker with pid: 1772
[2019-07-10 19:28:37 +0000] [1771] [INFO] Worker exiting (pid: 1771)
[2019-07-10 19:28:37 +0000] [1772] [INFO] Worker exiting (pid: 1772)
[2019-07-10 15:28:37 -0400] [1768] [INFO] Handling signal: term
[2019-07-10 15:28:37 -0400] [1768] [INFO] Shutting down: Master
[2019-07-10 15:28:37 -0400] [1788] [INFO] Starting gunicorn 19.9.0
[2019-07-10 15:28:37 -0400] [1788] [INFO] Listening at: unix:/opt/san/storage/storage.sock (1788)
[2019-07-10 15:28:37 -0400] [1788] [INFO] Using worker: sync
[2019-07-10 15:28:37 -0400] [1793] [INFO] Booting worker with pid: 1793
[2019-07-10 15:28:37 -0400] [1794] [INFO] Booting worker with pid: 1794
[2019-07-10 19:29:04 +0000] [1794] [INFO] Worker exiting (pid: 1794)
[2019-07-10 15:29:04 -0400] [1788] [INFO] Handling signal: term
[2019-07-10 19:29:04 +0000] [1793] [INFO] Worker exiting (pid: 1793)
[2019-07-10 15:29:04 -0400] [1788] [INFO] Shutting down: Master
[2019-07-10 15:29:05 -0400] [1808] [INFO] Starting gunicorn 19.9.0
[2019-07-10 15:29:05 -0400] [1808] [INFO] Listening at: unix:/opt/san/storage/storage.sock (1808)
[2019-07-10 15:29:05 -0400] [1808] [INFO] Using worker: sync
[2019-07-10 15:29:05 -0400] [1812] [INFO] Booting worker with pid: 1812
[2019-07-10 15:29:05 -0400] [1813] [INFO] Booting worker with pid: 1813
[2019-07-10 15:29:33 -0400] [1808] [INFO] Handling signal: term
[2019-07-10 19:29:33 +0000] [1813] [INFO] Worker exiting (pid: 1813)
[2019-07-10 19:29:33 +0000] [1812] [INFO] Worker exiting (pid: 1812)
[2019-07-10 15:29:33 -0400] [1808] [INFO] Shutting down: Master
[2019-07-10 15:29:33 -0400] [1829] [INFO] Starting gunicorn 19.9.0
[2019-07-10 15:29:33 -0400] [1829] [INFO] Listening at: unix:/opt/san/storage/storage.sock (1829)
[2019-07-10 15:29:33 -0400] [1829] [INFO] Using worker: sync
[2019-07-10 15:29:33 -0400] [1832] [INFO] Booting worker with pid: 1832
[2019-07-10 15:29:33 -0400] [1833] [INFO] Booting worker with pid: 1833
[2019-07-10 19:30:05 +0000] [1832] [INFO] Worker exiting (pid: 1832)
[2019-07-10 19:30:05 +0000] [1833] [INFO] Worker exiting (pid: 1833)
[2019-07-10 15:30:05 -0400] [1829] [INFO] Handling signal: term
[2019-07-10 15:30:05 -0400] [1829] [INFO] Shutting down: Master
[2019-07-10 15:30:05 -0400] [1847] [INFO] Starting gunicorn 19.9.0
[2019-07-10 15:30:05 -0400] [1847] [INFO] Listening at: unix:/opt/san/storage/storage.sock (1847)
[2019-07-10 15:30:05 -0400] [1847] [INFO] Using worker: sync
[2019-07-10 15:30:05 -0400] [1851] [INFO] Booting worker with pid: 1851
[2019-07-10 15:30:05 -0400] [1852] [INFO] Booting worker with pid: 1852
[2019-07-10 15:31:30 -0400] [1847] [INFO] Handling signal: term
[2019-07-10 19:31:30 +0000] [1851] [INFO] Worker exiting (pid: 1851)
[2019-07-10 19:31:30 +0000] [1852] [INFO] Worker exiting (pid: 1852)
[2019-07-10 15:31:31 -0400] [1847] [INFO] Shutting down: Master
[2019-07-10 15:31:31 -0400] [1867] [INFO] Starting gunicorn 19.9.0
[2019-07-10 15:31:31 -0400] [1867] [INFO] Listening at: unix:/opt/san/storage/storage.sock (1867)
[2019-07-10 15:31:31 -0400] [1867] [INFO] Using worker: sync
[2019-07-10 15:31:31 -0400] [1871] [INFO] Booting worker with pid: 1871
[2019-07-10 15:31:31 -0400] [1872] [INFO] Booting worker with pid: 1872
[2019-07-10 19:31:57 +0000] [1872] [INFO] Worker exiting (pid: 1872)
[2019-07-10 19:31:57 +0000] [1871] [INFO] Worker exiting (pid: 1871)
[2019-07-10 15:31:57 -0400] [1867] [INFO] Handling signal: term
[2019-07-10 15:31:58 -0400] [1867] [INFO] Shutting down: Master
[2019-07-10 15:31:58 -0400] [1887] [INFO] Starting gunicorn 19.9.0
[2019-07-10 15:31:58 -0400] [1887] [INFO] Listening at: unix:/opt/san/storage/storage.sock (1887)
[2019-07-10 15:31:58 -0400] [1887] [INFO] Using worker: sync
[2019-07-10 15:31:58 -0400] [1891] [INFO] Booting worker with pid: 1891
[2019-07-10 15:31:58 -0400] [1892] [INFO] Booting worker with pid: 1892
[2019-07-10 15:34:21 -0400] [1887] [INFO] Handling signal: term
[2019-07-10 19:34:21 +0000] [1891] [INFO] Worker exiting (pid: 1891)
[2019-07-10 19:34:21 +0000] [1892] [INFO] Worker exiting (pid: 1892)
[2019-07-10 15:34:22 -0400] [1887] [INFO] Shutting down: Master
[2019-07-10 15:34:22 -0400] [1909] [INFO] Starting gunicorn 19.9.0
[2019-07-10 15:34:22 -0400] [1909] [INFO] Listening at: unix:/opt/san/storage/storage.sock (1909)
[2019-07-10 15:34:22 -0400] [1909] [INFO] Using worker: sync
[2019-07-10 15:34:22 -0400] [1913] [INFO] Booting worker with pid: 1913
[2019-07-10 15:34:23 -0400] [1914] [INFO] Booting worker with pid: 1914
[2019-07-10 19:35:18 +0000] [1913] [INFO] Worker exiting (pid: 1913)
[2019-07-10 19:35:18 +0000] [1914] [INFO] Worker exiting (pid: 1914)
[2019-07-10 15:35:18 -0400] [1909] [INFO] Handling signal: term
[2019-07-10 15:35:18 -0400] [1909] [INFO] Shutting down: Master
[2019-07-10 15:35:19 -0400] [1932] [INFO] Starting gunicorn 19.9.0
[2019-07-10 15:35:19 -0400] [1932] [INFO] Listening at: unix:/opt/san/storage/storage.sock (1932)
[2019-07-10 15:35:19 -0400] [1932] [INFO] Using worker: sync
[2019-07-10 15:35:19 -0400] [1936] [INFO] Booting worker with pid: 1936
[2019-07-10 15:35:19 -0400] [1937] [INFO] Booting worker with pid: 1937
[2019-07-10 15:37:45 -0400] [1932] [INFO] Handling signal: term
[2019-07-10 19:37:45 +0000] [1936] [INFO] Worker exiting (pid: 1936)
[2019-07-10 19:37:45 +0000] [1937] [INFO] Worker exiting (pid: 1937)
[2019-07-10 15:37:46 -0400] [1932] [INFO] Shutting down: Master
[2019-07-10 15:37:46 -0400] [1954] [INFO] Starting gunicorn 19.9.0
[2019-07-10 15:37:46 -0400] [1954] [INFO] Listening at: unix:/opt/san/storage/storage.sock (1954)
[2019-07-10 15:37:46 -0400] [1954] [INFO] Using worker: sync
[2019-07-10 15:37:46 -0400] [1958] [INFO] Booting worker with pid: 1958
[2019-07-10 15:37:46 -0400] [1959] [INFO] Booting worker with pid: 1959
[2019-07-10 15:38:50 -0400] [1954] [INFO] Handling signal: term
[2019-07-10 19:38:50 +0000] [1959] [INFO] Worker exiting (pid: 1959)
[2019-07-10 19:38:50 +0000] [1958] [INFO] Worker exiting (pid: 1958)
[2019-07-10 15:38:51 -0400] [1954] [INFO] Shutting down: Master
[2019-07-10 15:38:52 -0400] [1966] [INFO] Starting gunicorn 19.9.0
[2019-07-10 15:38:52 -0400] [1966] [INFO] Listening at: unix:/opt/san/storage/storage.sock (1966)
[2019-07-10 15:38:52 -0400] [1966] [INFO] Using worker: sync
[2019-07-10 15:38:52 -0400] [1970] [INFO] Booting worker with pid: 1970
[2019-07-10 15:38:52 -0400] [1971] [INFO] Booting worker with pid: 1971
[2019-07-10 15:38:56 -0400] [1966] [INFO] Handling signal: term
[2019-07-10 19:38:56 +0000] [1970] [INFO] Worker exiting (pid: 1970)
[2019-07-10 19:38:56 +0000] [1971] [INFO] Worker exiting (pid: 1971)
[2019-07-10 15:38:56 -0400] [1966] [INFO] Shutting down: Master
[2019-07-10 15:38:56 -0400] [1994] [INFO] Starting gunicorn 19.9.0
[2019-07-10 15:38:56 -0400] [1994] [INFO] Listening at: unix:/opt/san/storage/storage.sock (1994)
[2019-07-10 15:38:56 -0400] [1994] [INFO] Using worker: sync
[2019-07-10 15:38:56 -0400] [1997] [INFO] Booting worker with pid: 1997
[2019-07-10 15:38:56 -0400] [1999] [INFO] Booting worker with pid: 1999
[2019-07-10 15:39:18 -0400] [1994] [INFO] Handling signal: term
[2019-07-10 19:39:18 +0000] [1999] [INFO] Worker exiting (pid: 1999)
[2019-07-10 19:39:18 +0000] [1997] [INFO] Worker exiting (pid: 1997)
[2019-07-10 15:39:19 -0400] [1994] [INFO] Shutting down: Master
[2019-07-10 15:39:19 -0400] [2013] [INFO] Starting gunicorn 19.9.0
[2019-07-10 15:39:19 -0400] [2013] [INFO] Listening at: unix:/opt/san/storage/storage.sock (2013)
[2019-07-10 15:39:19 -0400] [2013] [INFO] Using worker: sync
[2019-07-10 15:39:19 -0400] [2016] [INFO] Booting worker with pid: 2016
[2019-07-10 15:39:19 -0400] [2017] [INFO] Booting worker with pid: 2017
[2019-07-10 19:39:43 +0000] [2016] [INFO] Worker exiting (pid: 2016)
[2019-07-10 19:39:43 +0000] [2017] [INFO] Worker exiting (pid: 2017)
[2019-07-10 15:39:43 -0400] [2013] [INFO] Handling signal: term
[2019-07-10 15:39:43 -0400] [2013] [INFO] Shutting down: Master
[2019-07-10 15:39:43 -0400] [2035] [INFO] Starting gunicorn 19.9.0
[2019-07-10 15:39:43 -0400] [2035] [INFO] Listening at: unix:/opt/san/storage/storage.sock (2035)
[2019-07-10 15:39:43 -0400] [2035] [INFO] Using worker: sync
[2019-07-10 15:39:43 -0400] [2038] [INFO] Booting worker with pid: 2038
[2019-07-10 15:39:43 -0400] [2040] [INFO] Booting worker with pid: 2040
[2019-07-10 19:40:20 +0000] [2038] [INFO] Worker exiting (pid: 2038)
[2019-07-10 19:40:20 +0000] [2040] [INFO] Worker exiting (pid: 2040)
[2019-07-10 15:40:20 -0400] [2035] [INFO] Handling signal: term
[2019-07-10 15:40:20 -0400] [2035] [INFO] Shutting down: Master
[2019-07-10 15:40:20 -0400] [2053] [INFO] Starting gunicorn 19.9.0
[2019-07-10 15:40:20 -0400] [2053] [INFO] Listening at: unix:/opt/san/storage/storage.sock (2053)
[2019-07-10 15:40:20 -0400] [2053] [INFO] Using worker: sync
[2019-07-10 15:40:20 -0400] [2057] [INFO] Booting worker with pid: 2057
[2019-07-10 15:40:20 -0400] [2058] [INFO] Booting worker with pid: 2058
[2019-07-10 15:41:06 -0400] [2053] [INFO] Handling signal: term
[2019-07-10 19:41:06 +0000] [2057] [INFO] Worker exiting (pid: 2057)
[2019-07-10 19:41:06 +0000] [2058] [INFO] Worker exiting (pid: 2058)
[2019-07-10 15:41:06 -0400] [2053] [INFO] Shutting down: Master
[2019-07-10 15:41:07 -0400] [2074] [INFO] Starting gunicorn 19.9.0
[2019-07-10 15:41:07 -0400] [2074] [INFO] Listening at: unix:/opt/san/storage/storage.sock (2074)
[2019-07-10 15:41:07 -0400] [2074] [INFO] Using worker: sync
[2019-07-10 15:41:07 -0400] [2077] [INFO] Booting worker with pid: 2077
[2019-07-10 15:41:07 -0400] [2078] [INFO] Booting worker with pid: 2078
[2019-07-10 16:31:34 -0400] [2074] [CRITICAL] WORKER TIMEOUT (pid:2077)
[2019-07-10 20:31:34 +0000] [2077] [INFO] Worker exiting (pid: 2077)
[2019-07-10 16:31:34 -0400] [2074] [CRITICAL] WORKER TIMEOUT (pid:2078)
[2019-07-10 20:31:34 +0000] [2078] [INFO] Worker exiting (pid: 2078)
[2019-07-10 16:31:34 -0400] [2173] [INFO] Booting worker with pid: 2173
[2019-07-10 16:31:34 -0400] [2175] [INFO] Booting worker with pid: 2175
[2019-07-11 06:17:56 -0400] [416] [INFO] Starting gunicorn 19.9.0
[2019-07-11 06:17:56 -0400] [416] [INFO] Listening at: unix:/opt/san/storage/storage.sock (416)
[2019-07-11 06:17:56 -0400] [416] [INFO] Using worker: sync
[2019-07-11 06:17:56 -0400] [470] [INFO] Booting worker with pid: 470
[2019-07-11 06:17:56 -0400] [471] [INFO] Booting worker with pid: 471
[2019-07-11 11:29:05 -0400] [420] [INFO] Starting gunicorn 19.9.0
[2019-07-11 11:29:05 -0400] [420] [INFO] Listening at: unix:/opt/san/storage/storage.sock (420)
[2019-07-11 11:29:05 -0400] [420] [INFO] Using worker: sync
[2019-07-11 11:29:05 -0400] [473] [INFO] Booting worker with pid: 473
[2019-07-11 11:29:05 -0400] [474] [INFO] Booting worker with pid: 474
[2019-07-11 15:42:38 +0000] [473] [INFO] Worker exiting (pid: 473)
[2019-07-11 15:42:38 +0000] [474] [INFO] Worker exiting (pid: 474)
[2019-07-11 11:42:38 -0400] [420] [INFO] Handling signal: term
[2019-07-11 11:42:38 -0400] [420] [INFO] Shutting down: Master
[2019-07-11 11:42:39 -0400] [2052] [INFO] Starting gunicorn 19.9.0
[2019-07-11 11:42:39 -0400] [2052] [INFO] Listening at: unix:/opt/san/storage/storage.sock (2052)
[2019-07-11 11:42:39 -0400] [2052] [INFO] Using worker: sync
[2019-07-11 11:42:39 -0400] [2056] [INFO] Booting worker with pid: 2056
[2019-07-11 11:42:39 -0400] [2057] [INFO] Booting worker with pid: 2057
[2019-07-11 16:04:06 +0000] [2056] [INFO] Worker exiting (pid: 2056)
[2019-07-11 12:04:06 -0400] [2052] [INFO] Handling signal: term
[2019-07-11 16:04:06 +0000] [2057] [INFO] Worker exiting (pid: 2057)
[2019-07-11 12:04:07 -0400] [2052] [INFO] Shutting down: Master
[2019-07-11 12:04:07 -0400] [2120] [INFO] Starting gunicorn 19.9.0
[2019-07-11 12:04:07 -0400] [2120] [INFO] Listening at: unix:/opt/san/storage/storage.sock (2120)
[2019-07-11 12:04:07 -0400] [2120] [INFO] Using worker: sync
[2019-07-11 12:04:07 -0400] [2124] [INFO] Booting worker with pid: 2124
[2019-07-11 12:04:07 -0400] [2125] [INFO] Booting worker with pid: 2125
